<?xml version="1.0" encoding="UTF-8" ?>
<testsuite tests="4" failures="0" name="com.stackroute.recap.StepOneTest" time="0.021" errors="0" skipped="0">
  <properties>
[...]
</properties>
  <testcase classname="com.stackroute.recap.StepOneTest" name="testgetAllTextsSuccess" time="0.021"/>
  <testcase classname="com.stackroute.recap.StepOneTest" name="testgetAllTextsForNull" time="0"/>
  <testcase classname="com.stackroute.recap.StepOneTest" name="testgetAllTextsForEmptySentence" time="0"/>
  <testcase classname="com.stackroute.recap.StepOneTest" name="testgetTextbasedonIndex" time="0"/>
</testsuite>